-- The C compiler identification is GNU 11.4.0
-- The CXX compiler identification is GNU 11.4.0
-- Detecting C compiler ABI info
-- Detecting C compiler ABI info - done
-- Check for working C compiler: /usr/bin/cc - skipped
-- Detecting C compile features
-- Detecting C compile features - done
-- Detecting CXX compiler ABI info
-- Detecting CXX compiler ABI info - done
-- Check for working CXX compiler: /usr/bin/c++ - skipped
-- Detecting CXX compile features
-- Detecting CXX compile features - done
-- Found ament_cmake_auto: 1.3.10 (/opt/ros/humble/share/ament_cmake_auto/cmake)
-- Found Python3: /usr/bin/python3 (found version "3.10.12") found components: Interpreter 
-- Found rosidl_generator_c: 3.1.5 (/opt/ros/humble/share/rosidl_generator_c/cmake)
-- Found rosidl_adapter: 3.1.5 (/opt/ros/humble/share/rosidl_adapter/cmake)
-- Found rosidl_generator_cpp: 3.1.5 (/opt/ros/humble/share/rosidl_generator_cpp/cmake)
-- Using all available rosidl_typesupport_c: rosidl_typesupport_fastrtps_c;rosidl_typesupport_introspection_c
-- Using all available rosidl_typesupport_cpp: rosidl_typesupport_fastrtps_cpp;rosidl_typesupport_introspection_cpp
-- Found rmw_implementation_cmake: 6.1.2 (/opt/ros/humble/share/rmw_implementation_cmake/cmake)
-- Found rmw_fastrtps_cpp: 6.2.7 (/opt/ros/humble/share/rmw_fastrtps_cpp/cmake)
-- Found OpenSSL: /usr/lib/x86_64-linux-gnu/libcrypto.so (found version "3.0.2")  
-- Found FastRTPS: /opt/ros/humble/include  
-- Using RMW implementation 'rmw_fastrtps_cpp' as default
-- Looking for pthread.h
-- Looking for pthread.h - found
-- Performing Test CMAKE_HAVE_LIBC_PTHREAD
-- Performing Test CMAKE_HAVE_LIBC_PTHREAD - Success
-- Found Threads: TRUE  
-- Found ament_lint_auto: 0.12.11 (/opt/ros/humble/share/ament_lint_auto/cmake)
-- Added test 'copyright' to check source files copyright and LICENSE
-- Added test 'cppcheck' to perform static code analysis on C / C++ code
-- Configured cppcheck include dirs: /home/peachji/peachF1/vesc_driver/include
-- Configured cppcheck exclude dirs and/or files: 
-- Added test 'cpplint' to check C / C++ code against the Google style
-- Configured cpplint exclude dirs and/or files: 
-- Added test 'flake8' to check Python code syntax and style conventions
-- Added test 'lint_cmake' to check CMake code style
-- Added test 'pep257' to check Python code against some of the docstring style conventions in PEP 257
-- Added test 'uncrustify' to check C / C++ code style
-- Configured uncrustify additional arguments: 
-- Added test 'xmllint' to check XML markup files
-- Configuring done
-- Generating done
-- Build files have been written to: /home/peachji/peachF1/build/vesc_driver
[ 30%] [32mBuilding CXX object CMakeFiles/vesc_driver.dir/src/vesc_interface.cpp.o[0m
[ 30%] [32mBuilding CXX object CMakeFiles/vesc_driver.dir/src/vesc_driver.cpp.o[0m
[ 30%] [32mBuilding CXX object CMakeFiles/vesc_driver_node.dir/rclcpp_components/node_main_vesc_driver_node.cpp.o[0m
[ 40%] [32mBuilding CXX object CMakeFiles/vesc_driver.dir/src/vesc_packet.cpp.o[0m
[ 50%] [32mBuilding CXX object CMakeFiles/vesc_driver.dir/src/vesc_packet_factory.cpp.o[0m
[01m[K/home/peachji/peachF1/vesc_driver/src/vesc_interface.cpp:45:10:[m[K [01;31m[Kfatal error: [m[Kserial_driver/serial_driver.hpp: No such file or directory
   45 | #include [01;31m[K"serial_driver/serial_driver.hpp"[m[K
      |          [01;31m[K^~~~~~~~~~~~~~~~~~~~~~~~~~~~~~~~~[m[K
compilation terminated.
gmake[2]: *** [CMakeFiles/vesc_driver.dir/build.make:90: CMakeFiles/vesc_driver.dir/src/vesc_interface.cpp.o] Error 1
gmake[2]: *** Waiting for unfinished jobs....
[01m[K/home/peachji/peachF1/vesc_driver/src/vesc_driver.cpp:[m[K In constructor â€˜[01m[Kvesc_driver::VescDriver::VescDriver(const rclcpp::NodeOptions&)[m[Kâ€™:
[01m[K/home/peachji/peachF1/vesc_driver/src/vesc_driver.cpp:88:1:[m[K [01;31m[Kerror: [m[Kâ€˜[01m[Kcmd_vel_sub_[m[Kâ€™ was not declared in this scope
   88 | [01;31m[Kcmd_vel_sub_[m[K = this->create_subscription<geometry_msgs::msg::Twist>("/cmd_vel", 10, std::bind(&VescDriver::cmdVelCallback, this, std::placeholders::_1));
      | [01;31m[K^~~~~~~~~~~~[m[K
[01m[K/home/peachji/peachF1/vesc_driver/src/vesc_driver.cpp:88:108:[m[K [01;31m[Kerror: [m[Kâ€˜[01m[KcmdVelCallback[m[Kâ€™ is not a member of â€˜[01m[Kvesc_driver::VescDriver[m[Kâ€™
   88 | cmd_vel_sub_ = this->create_subscription<geometry_msgs::msg::Twist>("/cmd_vel", 10, std::bind(&VescDriver::[01;31m[KcmdVelCallback[m[K, this, std::placeholders::_1));
      |                                                                                                            [01;31m[K^~~~~~~~~~~~~~[m[K
[01m[K/home/peachji/peachF1/vesc_driver/src/vesc_driver.cpp:[m[K At global scope:
[01m[K/home/peachji/peachF1/vesc_driver/src/vesc_driver.cpp:393:6:[m[K [01;31m[Kerror: [m[Kno declaration matches â€˜[01m[Kvoid vesc_driver::VescDriver::cmdVelCallback(geometry_msgs::msg::Twist_<std::allocator<void> >::SharedPtr)[m[Kâ€™
  393 | void [01;31m[KVescDriver[m[K::cmdVelCallback(const geometry_msgs::msg::Twist::SharedPtr cmd_vel)
      |      [01;31m[K^~~~~~~~~~[m[K
[01m[K/home/peachji/peachF1/vesc_driver/src/vesc_driver.cpp:393:6:[m[K [01;36m[Knote: [m[Kno functions named â€˜[01m[Kvoid vesc_driver::VescDriver::cmdVelCallback(geometry_msgs::msg::Twist_<std::allocator<void> >::SharedPtr)[m[Kâ€™
In file included from [01m[K/home/peachji/peachF1/vesc_driver/src/vesc_driver.cpp:31[m[K:
[01m[K/home/peachji/peachF1/vesc_driver/include/vesc_driver/vesc_driver.hpp:60:7:[m[K [01;36m[Knote: [m[Kâ€˜[01m[Kclass vesc_driver::VescDriver[m[Kâ€™ defined here
   60 | class [01;36m[KVescDriver[m[K : public rclcpp::Node
      |       [01;36m[K^~~~~~~~~~[m[K
[ 60%] [32m[1mLinking CXX executable vesc_driver_node[0m
[ 60%] Built target vesc_driver_node
gmake[2]: *** [CMakeFiles/vesc_driver.dir/build.make:76: CMakeFiles/vesc_driver.dir/src/vesc_driver.cpp.o] Error 1
gmake[1]: *** [CMakeFiles/Makefile2:141: CMakeFiles/vesc_driver.dir/all] Error 2
gmake: *** [Makefile:146: all] Error 2
